/home/ubuntu/.local/lib/python3.14/site-packages/iminuit/minuit.py:149: ErrordefAlreadySetWarning: cost function has an errordef attribute equal to 1.0, you should not override this with Minuit.errordef
  warnings.warn(msg, ErrordefAlreadySetWarning)
/home/ubuntu/.local/lib/python3.14/site-packages/iminuit/minuit.py:149: ErrordefAlreadySetWarning: cost function has an errordef attribute equal to 1.0, you should not override this with Minuit.errordef
  warnings.warn(msg, ErrordefAlreadySetWarning)
/home/ubuntu/.local/lib/python3.14/site-packages/iminuit/minuit.py:149: ErrordefAlreadySetWarning: cost function has an errordef attribute equal to 1.0, you should not override this with Minuit.errordef
  warnings.warn(msg, ErrordefAlreadySetWarning)
/home/ubuntu/.local/lib/python3.14/site-packages/iminuit/minuit.py:149: ErrordefAlreadySetWarning: cost function has an errordef attribute equal to 1.0, you should not override this with Minuit.errordef
  warnings.warn(msg, ErrordefAlreadySetWarning)
/home/ubuntu/aisci/physics/src/fitting_pipeline.py:347: IntegrationWarning: The occurrence of roundoff error is detected, which prevents 
  the requested tolerance from being achieved.  The error may be 
  underestimated.
  radial_integral, _ = quad(integrand, 0.0, 1.0, limit=200)
/home/ubuntu/aisci/physics/src/fitting_pipeline.py:341: RuntimeWarning: invalid value encountered in scalar multiply
  radius_fraction
/home/ubuntu/aisci/physics/src/fitting_pipeline.py:347: IntegrationWarning: The maximum number of subdivisions (200) has been achieved.
  If increasing the limit yields no improvement it is advised to analyze 
  the integrand in order to determine the difficulties.  If the position of a 
  local difficulty can be determined (singularity, discontinuity) one will 
  probably gain from splitting up the interval and calling the integrator 
  on the subranges.  Perhaps a special-purpose integrator should be used.
  radial_integral, _ = quad(integrand, 0.0, 1.0, limit=200)
/home/ubuntu/aisci/physics/src/fitting_pipeline.py:347: IntegrationWarning: Extremely bad integrand behavior occurs at some points of the
  integration interval.
  radial_integral, _ = quad(integrand, 0.0, 1.0, limit=200)
