======================================================================
PHASE 1: Boson Paper Symbolic Analysis
Paper: 'Boson probability function for the moving system'
       ATLAS 13 TeV, pT and eta cuts — Robert's paper
======================================================================

────────────────────────────────────────────────────────────
SECTION 1: Core Distribution f(p)
────────────────────────────────────────────────────────────

Core distribution (covariant form):
  f(p) ~ δ(p² - m²) Θ(p⁰) exp(-β U^μ p_μ)

where:
  p² = p⁰² - |p|²  (metric signature +---)
  U^μ = (γ, 0, 0, γv)  for boost along z-axis
  β = 1/T  (inverse temperature)
  U^μ p_μ = γ p⁰ - γv pz  = γ(p⁰ - v·pz)

After δ-function integration over p⁰:

  E(|p|) = sqrt(|p|² + m²) = sqrt(m**2 + |p|**2)

  U^μ p_μ (rapidity Y) = E·cosh(Y) - pz·sinh(Y)
                       = E*cosh(Y) - p_z*sinh(Y)

  With pT, η (massless): U^μ p_μ = pT·cosh(η)·cosh(Y) - pT·sinh(η)·sinh(Y)
                                  = pT·cosh(η-Y)   [by cosh addition formula]
  Verification (should be 0): 0

────────────────────────────────────────────────────────────
SECTION 2: pT Spectrum — Integrating over η
────────────────────────────────────────────────────────────

The pT spectrum is obtained by integrating over pseudorapidity η:
  dN/dpT = A · pT · ∫_{η_min}^{η_max} exp(-pT·cosh(η-Y)/T) cosh(η) dη

For the full range η ∈ (-∞, +∞) [no cuts]:
  dN/dpT = A · pT · exp(-pT·cosh(Y)/T) · ... [Bessel function K₁]

For |η| < η_cut [the paper's case]:
  dN/dpT requires numerical integration

Robert's parameterization:
  v = U/√(1+U²)  =  U/sqrt(U**2 + 1)
  γ = √(1+U²)    =  sqrt(U**2 + 1)
  Y = arcsinh(U) =  asinh(U)

  v at U=1000: 0.99999950  (must be < 1) ✓
  v as U→∞:   1  ✓  (approaches speed of light)
  γv = U  ← the 'U' in the exponent is actually γv (momentum rapidity)

────────────────────────────────────────────────────────────
SECTION 3: Normalization Check
────────────────────────────────────────────────────────────

The normalization requires:
  C = ∫₀^∞ pT · exp(-pT · γ · cosh(η_eff)/T) dpT  [for fixed η, Y]
    = T² / (γ · cosh(η_eff))²

For the full η integral (no pT or η cuts, massless):
  C_total = ∫₀^∞ ∫_{-∞}^{∞} pT · exp(-pT·cosh(η-Y)/T) · cosh(η) dη dpT

  ∫₀^∞ pT exp(-λ pT) dpT = lambda**(-2)
  This equals T²/cosh²(η-Y) when λ = cosh(η-Y)/T

────────────────────────────────────────────────────────────
SECTION 4: Data Values from the Paper — U Validation
────────────────────────────────────────────────────────────

From the retrieved chunks (Figure 7, 9 data):
Problematic bins where U₁ ≈ U₂ ≈ 1 → v ≈ 0.707 (super-thermal behavior?):

Extracted fit parameters from paper chunks:

  Bin: η≤150, n_sel≤126 (highest multiplicity, Figure 9)
    U2  = 0.0108 ± 0.8467   ← HUGE uncertainty!
    kT2 = 4.813e+02 ± 1.246e+04  ← UNPHYSICAL (kT ~ 480 GeV?!)
    U3  = 0.013  ± 1.646    ← Uncertainty larger than value
    kT3 = 51.8   ± 167.9    ← 3σ consistent with 0

  Bin: η≤40, n_sel≤31 (Figure 7)
    U3  = 0.013  ± 1.646    ← Same pattern

  Physical velocity v = U/√(1+U²):
         U    v (units of c)         γ             Flag
  ────────  ────────────────  ────────  ───────────────
     0.000          0.000000    1.0000  
     0.100          0.099504    1.0050  
     0.500          0.447214    1.1180  
     1.000          0.707107    1.4142  ⚠ NEAR-LUMINAL
     2.000          0.894427    2.2361  ⚠ NEAR-LUMINAL
     5.000          0.980581    5.0990  ⚠ NEAR-LUMINAL
    10.000          0.995037   10.0499  ⚠ NEAR-LUMINAL

  ⚠ DATA ISSUE IDENTIFIED:
    The U₂ uncertainty of ±0.847 in high-multiplicity bins means
    the fit is UNCONSTRAINED — converging anywhere in [0, ∞).
    The large kT2 uncertainty (±12460) is unphysical.
    These bins likely have insufficient statistics or the 3-component
    fit is over-parameterized relative to the available data range.

────────────────────────────────────────────────────────────
SECTION 5: η-cut Formula — Check No-Cut Limit
────────────────────────────────────────────────────────────

With η cut |η| < η_max, the pT distribution is:
  dN/dpT = A · pT · ∫_{-η_max}^{η_max} exp(-pT·cosh(η-Y)/T) · cosh(η) dη

For U→0 (static system, Y=0):
  cosh(η-Y) = cosh(η)
  dN/dpT = A · pT · ∫_{-η_max}^{η_max} exp(-pT·cosh(η)/T) · cosh(η) dη
  
This should reduce to the static Boltzmann/Juttner-like thermal distribution
under the current approximation.

  Integrand at U=0: cosh(η) · exp(-pT·cosh(η)/T)
  = exp(-p_T*cosh(eta)/T)*cosh(eta)
  This is the standard Cooper-Frye formula for static thermal source ✓

  As U→∞ (Y→∞):
    cosh(η-Y) → exp(|η-Y|)/2 → exp(-η+Y)/2 for η < Y
    → dN/dpT ∝ pT·exp(-pT·exp(Y)/2T)·...
    This should grow with multiplicity — CHECK if paper shows this ✓

────────────────────────────────────────────────────────────
SECTION 6: χ²/ndf Issue — Missing from Paper
────────────────────────────────────────────────────────────

CRITICAL ISSUE TO CONFIRM: the current review has not found complete χ²/ndf values.
This is a fundamental omission for a HEP fitting paper.

From the extracted data chunks, we can see:
  - Parameter uncertainties are often comparable to or larger than values
  - This strongly suggests poor fits for high-multiplicity bins
  - A χ²/ndf table is required before judging fit quality

RECOMMENDED ACTION:
  1. Implement the full fitting pipeline (Phase 4.3)
  2. For each multiplicity bin, compute:
     - Best-fit parameters: T, U, A (or T1, U1, A1, T2, U2, A2, T3, U3, A3)
     - χ²/ndf for each fit
     - Flag bins where χ²/ndf > 2 or parameter uncertainties > value

────────────────────────────────────────────────────────────
SECTION 7: Numerical Distribution Check
────────────────────────────────────────────────────────────
  Low multiplicity fit (T=0.15 GeV, U=0.3, v=0.287c):
    Distribution peak at pT = 0.10 GeV/c ✓
    f(pT=1 GeV) / f(pT=0.1 GeV) = 0.0060

  High multiplicity fit (T=0.25 GeV, U=0.9, v=0.669c):
    Distribution peak at pT = 0.15 GeV/c
    Blue-shift visible: peak moves to higher pT as U increases ✓

  ⚠ EXTREME RELATIVISTIC TEST (U=10.0, v=0.9950c, Y=2.998):
    At this rapidity, the distribution becomes extremely narrow
    and would require very precise pT range to constrain the fit.
    This is one plausible mechanism for large U/kT uncertainties —
    the model may compensate through correlated U and kT changes.

======================================================================
PHASE 1 ANALYSIS SUMMARY
======================================================================

SANITY CHECKS PASSED UNDER CURRENT ASSUMPTIONS:
  1. f(p) ~ exp(-U^μ p_μ / T) has the expected Lorentz-scalar exponent
  2. Integration gives: exp(-pT·cosh(η-Y)/T) after δ-function on shell
  3. Parameterization v = U/√(1+U²) always gives v < c for finite U  
  4. Y = arcsinh(U) is the correct rapidity for this parameterization
  5. U→0 limit correctly recovers static thermal distribution (Boltzmann)
  6. pT integral ∫pT·exp(-λpT)dpT = 1/λ² is analytically correct
  7. RAG retrieval: both Tsallis (4 chunks) and boson paper (16 chunks) confirmed

LIMITS OF THIS CHECK:
  1. This script does not prove a full Bose-Einstein treatment.
  2. Several checks use massless or ultra-relativistic kinematics.
  3. Full manuscript equation numbers and full pT data are still needed.

⚠ DATA ISSUES IDENTIFIED:
  1. HIGH-MULTIPLICITY BINS (n_sel≥126): 
     - U₂ = 0.0108 ± 0.8467  (uncertainty >> value → unconstrained fit)
     - kT₂ = 480 ± 12460 GeV (unphysical temperature)
     This suggests the 3-component fit may be over-parameterized for these bins
     
  2. MISSING χ²/ndf: not found in the current review
     → Cannot assess goodness of fit for any bin
     → Standard HEP requirement: must report per-bin χ²/ndf

  3. U TREND: Must be tested before assigning physical interpretation
     → Not verified yet (need full bin-by-bin data table — NOT in chunks)

🔴 NEXT STEPS (Phase 4.2/4.3):
  1. Implement full fitting pipeline for all multiplicity bins
  2. Scan pT range 0.1–10 GeV against ATLAS 13 TeV data
  3. Compute χ²/ndf table
  4. Plot U vs multiplicity and test whether any trend is interpretable
  5. Robert: please confirm if the full data table (all bins) is available
     for numerical fitting, or only the subset shown in Figures 7 and 9

======================================================================
Script complete. See physics/src/boson_paper_analysis.py
======================================================================
